
====== Desktop Attack @ 5/15/2025, 1:24:20 AM ======
Timestamp    : 5/15/2025, 1:24:20 AM
IP Address   : ::1
Device Type  : Desktop
OS           : Windows
Browser      : Chrome 136.0.0
User Agent   : Mozilla/5.0 (Windows NT 10.0; Win64; x64) AppleWebKit/537.36 (KHTML, like Gecko) Chrome/136.0.0.0 Safari/537.36
Desktop Platform: Windows
=====================================
====== Desktop Attack @ 5/15/2025, 1:25:12 AM ======
Timestamp    : 5/15/2025, 1:25:12 AM
IP Address   : ::1
Device Type  : Desktop
OS           : Windows
Browser      : Chrome 136.0.0
User Agent   : Mozilla/5.0 (Windows NT 10.0; Win64; x64) AppleWebKit/537.36 (KHTML, like Gecko) Chrome/136.0.0.0 Safari/537.36
Desktop Platform: Windows
=====================================
====== Desktop Attack @ 5/15/2025, 1:39:18 AM ======
Timestamp    : 5/15/2025, 1:39:18 AM
IP Address   : ::1
Device Type  : Desktop
OS           : Windows
Browser      : Chrome 136.0.0
User Agent   : Mozilla/5.0 (Windows NT 10.0; Win64; x64) AppleWebKit/537.36 (KHTML, like Gecko) Chrome/136.0.0.0 Safari/537.36
Desktop Platform: Windows
=====================================
====== Desktop Attack @ 5/15/2025, 1:40:36 AM ======
Timestamp    : 5/15/2025, 1:40:36 AM
IP Address   : ::1
Device Type  : Desktop
OS           : Windows
Browser      : Chrome 136.0.0
User Agent   : Mozilla/5.0 (Windows NT 10.0; Win64; x64) AppleWebKit/537.36 (KHTML, like Gecko) Chrome/136.0.0.0 Safari/537.36
Desktop Platform: Windows
=====================================
====== Desktop Attack @ 5/15/2025, 12:02:08 PM ======
Timestamp    : 5/15/2025, 12:02:08 PM
IP Address   : ::1
Device Type  : Desktop
OS           : Windows
Browser      : Chrome 136.0.0
User Agent   : Mozilla/5.0 (Windows NT 10.0; Win64; x64) AppleWebKit/537.36 (KHTML, like Gecko) Chrome/136.0.0.0 Safari/537.36
Desktop Platform: Windows
=====================================
====== Desktop Attack @ 5/15/2025, 12:07:58 PM ======
Timestamp    : 5/15/2025, 12:07:58 PM
IP Address   : ::1
Device Type  : Desktop
OS           : Windows
Browser      : Chrome 136.0.0
User Agent   : Mozilla/5.0 (Windows NT 10.0; Win64; x64) AppleWebKit/537.36 (KHTML, like Gecko) Chrome/136.0.0.0 Safari/537.36
Desktop Platform: Windows
=====================================
====== Mobile Attack @ 5/15/2025, 12:33:29 PM ======
Timestamp    : 5/15/2025, 12:33:29 PM
IP Address   : ::ffff:192.168.137.170
Device Type  : Mobile
OS           : Android
Browser      : Chrome Mobile 135.0.0
User Agent   : Mozilla/5.0 (Linux; Android 10; K) AppleWebKit/537.36 (KHTML, like Gecko) Chrome/135.0.0.0 Mobile Safari/537.36
Mobile Device : Generic Smartphone
=====================================
====== Desktop Attack @ 5/15/2025, 2:37:37 PM ======
Timestamp    : 5/15/2025, 2:37:37 PM
IP Address   : ::1
Device Type  : Desktop
OS           : Windows
Browser      : Chrome 136.0.0
User Agent   : Mozilla/5.0 (Windows NT 10.0; Win64; x64) AppleWebKit/537.36 (KHTML, like Gecko) Chrome/136.0.0.0 Safari/537.36
Desktop Platform: Windows
=====================================
====== Desktop Attack @ 5/15/2025, 2:37:45 PM ======
Timestamp    : 5/15/2025, 2:37:45 PM
IP Address   : ::1
Device Type  : Desktop
OS           : Windows
Browser      : Chrome 136.0.0
User Agent   : Mozilla/5.0 (Windows NT 10.0; Win64; x64) AppleWebKit/537.36 (KHTML, like Gecko) Chrome/136.0.0.0 Safari/537.36
Desktop Platform: Windows
=====================================
====== Desktop Attack @ 5/15/2025, 2:42:31 PM ======
Timestamp    : 5/15/2025, 2:42:31 PM
IP Address   : ::1
Device Type  : Desktop
OS           : Windows
Browser      : Chrome 136.0.0
User Agent   : Mozilla/5.0 (Windows NT 10.0; Win64; x64) AppleWebKit/537.36 (KHTML, like Gecko) Chrome/136.0.0.0 Safari/537.36
Desktop Platform: Windows
=====================================
====== Desktop Attack @ 5/15/2025, 2:46:31 PM ======
Timestamp    : 5/15/2025, 2:46:31 PM
IP Address   : ::1
Device Type  : Desktop
OS           : Windows
Browser      : Chrome 136.0.0
User Agent   : Mozilla/5.0 (Windows NT 10.0; Win64; x64) AppleWebKit/537.36 (KHTML, like Gecko) Chrome/136.0.0.0 Safari/537.36
Desktop Platform: Windows
=====================================
====== Mobile Attack @ 5/15/2025, 2:47:57 PM ======
Timestamp    : 5/15/2025, 2:47:57 PM
IP Address   : ::ffff:192.168.185.203
Device Type  : Mobile
OS           : Android
Browser      : Chrome Mobile 135.0.0
User Agent   : Mozilla/5.0 (Linux; Android 10; K) AppleWebKit/537.36 (KHTML, like Gecko) Chrome/135.0.0.0 Mobile Safari/537.36
Mobile Device : Generic Smartphone
=====================================
====== Mobile Attack @ 5/15/2025, 2:59:52 PM ======
Timestamp    : 5/15/2025, 2:59:52 PM
IP Address   : ::ffff:192.168.185.203
Device Type  : Mobile
OS           : Android
Browser      : Chrome Mobile 135.0.0
User Agent   : Mozilla/5.0 (Linux; Android 10; K) AppleWebKit/537.36 (KHTML, like Gecko) Chrome/135.0.0.0 Mobile Safari/537.36
Mobile Device : Generic Smartphone
=====================================
====== Desktop Attack @ 5/15/2025, 3:36:16 PM ======
Timestamp    : 5/15/2025, 3:36:16 PM
IP Address   : ::1
Device Type  : Desktop
OS           : Windows
Browser      : Chrome 136.0.0
User Agent   : Mozilla/5.0 (Windows NT 10.0; Win64; x64) AppleWebKit/537.36 (KHTML, like Gecko) Chrome/136.0.0.0 Safari/537.36
Desktop Platform: Windows
=====================================
====== Mobile Attack @ 5/15/2025, 3:37:03 PM ======
Timestamp    : 5/15/2025, 3:37:03 PM
IP Address   : ::ffff:192.168.185.144
Device Type  : Mobile
OS           : Android
Browser      : Chrome Mobile 135.0.0
User Agent   : Mozilla/5.0 (Linux; Android 10; K) AppleWebKit/537.36 (KHTML, like Gecko) Chrome/135.0.0.0 Mobile Safari/537.36
Mobile Device : Generic Smartphone
=====================================